<?xml version="1.0" encoding="UTF-8"?>
<!-- Generated by org.testng.reporters.JUnitReportReporter -->
<testsuite hostname="DESKTOP-MMSR92P" failures="0" tests="3" name="com.comcast.crm.ALL_org_contactTEST.CreatecontactTest" time="23.312" errors="0" timestamp="2025-03-21T16:14:07 IST" skipped="0">
  <testcase classname="com.comcast.crm.ALL_org_contactTEST.CreatecontactTest" name="createContact" time="5.720"/>
  <testcase classname="com.comcast.crm.ALL_org_contactTEST.CreatecontactTest" name="createContactwithsupportdateTest" time="11.146"/>
  <testcase classname="com.comcast.crm.ALL_org_contactTEST.CreatecontactTest" name="createContactwithOrgTest" time="6.446"/>
</testsuite> <!-- com.comcast.crm.ALL_org_contactTEST.CreatecontactTest -->
